1375325218|2013-08-01 03:46:58|Warning: trim() expects parameter 1 to be string, array given; /core/core.php:2042;
1375325253|2013-08-01 03:47:33|Warning: trim() expects parameter 1 to be string, array given; /core/core.php:2042;
1375325276|2013-08-01 03:47:56|Warning: Cannot modify header information - headers already sent by (output started at /example1.php:10); /core/init.php:136;
1375325276|2013-08-01 03:47:56|Warning: Cannot modify header information - headers already sent by (output started at /example1.php:10); /core/init.php:137;
1375325439|2013-08-01 03:50:39|Warning: func_get_arg():  Argument 3 not passed to function; /core/core.php:2085;
1375326170|2013-08-01 04:02:50|Warning: func_get_arg():  Argument 3 not passed to function; /core/core.php:2085;
1375326189|2013-08-01 04:03:09|Warning: func_get_arg():  Argument 3 not passed to function; /core/core.php:2085;
1375326200|2013-08-01 04:03:20|Warning: func_get_arg():  Argument 3 not passed to function; /core/core.php:2085;
1375328398|2013-08-01 04:39:58|Warning: Cannot modify header information - headers already sent by (output started at /example1.php:10); /core/init.php:136;
1375328399|2013-08-01 04:39:59|Warning: Cannot modify header information - headers already sent by (output started at /example1.php:10); /core/init.php:137;
1375328635|2013-08-01 04:43:55|Warning: trim() expects parameter 1 to be string, array given; /core/core.php:2042;
1375348349|2013-08-01 10:12:29|Warning: trim() expects parameter 1 to be string, array given; /core/core.php:2042;
1375771417|2013-08-06 07:43:37|Warning: func_get_arg():  Argument 3 not passed to function; /core/core.php:2085;
1375771423|2013-08-06 07:43:43|Warning: func_get_arg():  Argument 3 not passed to function; /core/core.php:2085;
1375771431|2013-08-06 07:43:51|Warning: func_get_arg():  Argument 3 not passed to function; /core/core.php:2085;
1375777918|2013-08-06 09:31:58|Warning: date() expects parameter 2 to be long, string given; /inc/editusers.php:26;
1375777964|2013-08-06 09:32:44|Warning: date() expects parameter 2 to be long, string given; /inc/editusers.php:26;
1375777998|2013-08-06 09:33:18|Warning: date() expects parameter 2 to be long, string given; /inc/editusers.php:26;
1375777998|2013-08-06 09:33:18|Warning: date() expects parameter 2 to be long, string given; /inc/editusers.php:26;
1375778044|2013-08-06 09:34:04|Warning: date() expects parameter 2 to be long, string given; /inc/editusers.php:26;
1375778044|2013-08-06 09:34:04|Warning: date() expects parameter 2 to be long, string given; /inc/editusers.php:26;
1375778044|2013-08-06 09:34:04|Warning: date() expects parameter 2 to be long, string given; /inc/editusers.php:26;
1375778101|2013-08-06 09:35:01|Warning: date() expects parameter 2 to be long, string given; /inc/editusers.php:26;
1375778101|2013-08-06 09:35:01|Warning: date() expects parameter 2 to be long, string given; /inc/editusers.php:26;
1375778101|2013-08-06 09:35:01|Warning: date() expects parameter 2 to be long, string given; /inc/editusers.php:26;
1375778124|2013-08-06 09:35:24|Warning: date() expects parameter 2 to be long, string given; /inc/editusers.php:26;
1375778124|2013-08-06 09:35:24|Warning: date() expects parameter 2 to be long, string given; /inc/editusers.php:26;
1375778124|2013-08-06 09:35:24|Warning: date() expects parameter 2 to be long, string given; /inc/editusers.php:26;
1375778124|2013-08-06 09:35:24|Warning: date() expects parameter 2 to be long, string given; /inc/editusers.php:26;
1375778139|2013-08-06 09:35:39|Warning: date() expects parameter 2 to be long, string given; /inc/editusers.php:26;
1375778139|2013-08-06 09:35:39|Warning: date() expects parameter 2 to be long, string given; /inc/editusers.php:26;
1375778139|2013-08-06 09:35:39|Warning: date() expects parameter 2 to be long, string given; /inc/editusers.php:26;
1375778139|2013-08-06 09:35:39|Warning: date() expects parameter 2 to be long, string given; /inc/editusers.php:26;
1375778139|2013-08-06 09:35:39|Warning: date() expects parameter 2 to be long, string given; /inc/editusers.php:26;
1375778156|2013-08-06 09:35:56|Warning: date() expects parameter 2 to be long, string given; /inc/editusers.php:26;
1375778156|2013-08-06 09:35:56|Warning: date() expects parameter 2 to be long, string given; /inc/editusers.php:26;
1375778156|2013-08-06 09:35:56|Warning: date() expects parameter 2 to be long, string given; /inc/editusers.php:26;
1375778156|2013-08-06 09:35:56|Warning: date() expects parameter 2 to be long, string given; /inc/editusers.php:26;
1375778156|2013-08-06 09:35:56|Warning: date() expects parameter 2 to be long, string given; /inc/editusers.php:26;
1375778156|2013-08-06 09:35:56|Warning: date() expects parameter 2 to be long, string given; /inc/editusers.php:26;
1375778170|2013-08-06 09:36:10|Warning: date() expects parameter 2 to be long, string given; /inc/editusers.php:26;
1375778170|2013-08-06 09:36:10|Warning: date() expects parameter 2 to be long, string given; /inc/editusers.php:26;
1375778170|2013-08-06 09:36:10|Warning: date() expects parameter 2 to be long, string given; /inc/editusers.php:26;
1375778170|2013-08-06 09:36:10|Warning: date() expects parameter 2 to be long, string given; /inc/editusers.php:26;
1375778170|2013-08-06 09:36:10|Warning: date() expects parameter 2 to be long, string given; /inc/editusers.php:26;
1375778170|2013-08-06 09:36:10|Warning: date() expects parameter 2 to be long, string given; /inc/editusers.php:26;
1375778170|2013-08-06 09:36:10|Warning: date() expects parameter 2 to be long, string given; /inc/editusers.php:26;
1375778182|2013-08-06 09:36:22|Warning: date() expects parameter 2 to be long, string given; /inc/editusers.php:26;
1375778182|2013-08-06 09:36:22|Warning: date() expects parameter 2 to be long, string given; /inc/editusers.php:26;
1375778182|2013-08-06 09:36:22|Warning: date() expects parameter 2 to be long, string given; /inc/editusers.php:26;
1375778182|2013-08-06 09:36:22|Warning: date() expects parameter 2 to be long, string given; /inc/editusers.php:26;
1375778182|2013-08-06 09:36:22|Warning: date() expects parameter 2 to be long, string given; /inc/editusers.php:26;
1375778182|2013-08-06 09:36:22|Warning: date() expects parameter 2 to be long, string given; /inc/editusers.php:26;
1375778182|2013-08-06 09:36:22|Warning: date() expects parameter 2 to be long, string given; /inc/editusers.php:26;
1375778182|2013-08-06 09:36:22|Warning: date() expects parameter 2 to be long, string given; /inc/editusers.php:26;
1375778195|2013-08-06 09:36:35|Warning: date() expects parameter 2 to be long, string given; /inc/editusers.php:26;
1375778195|2013-08-06 09:36:35|Warning: date() expects parameter 2 to be long, string given; /inc/editusers.php:26;
1375778195|2013-08-06 09:36:35|Warning: date() expects parameter 2 to be long, string given; /inc/editusers.php:26;
1375778195|2013-08-06 09:36:35|Warning: date() expects parameter 2 to be long, string given; /inc/editusers.php:26;
1375778195|2013-08-06 09:36:35|Warning: date() expects parameter 2 to be long, string given; /inc/editusers.php:26;
1375778195|2013-08-06 09:36:35|Warning: date() expects parameter 2 to be long, string given; /inc/editusers.php:26;
1375778195|2013-08-06 09:36:35|Warning: date() expects parameter 2 to be long, string given; /inc/editusers.php:26;
1375778195|2013-08-06 09:36:35|Warning: date() expects parameter 2 to be long, string given; /inc/editusers.php:26;
1375778195|2013-08-06 09:36:35|Warning: date() expects parameter 2 to be long, string given; /inc/editusers.php:26;
1375778262|2013-08-06 09:37:42|Warning: date() expects parameter 2 to be long, string given; /inc/editusers.php:26;
1375778262|2013-08-06 09:37:42|Warning: date() expects parameter 2 to be long, string given; /inc/editusers.php:26;
1375778262|2013-08-06 09:37:42|Warning: date() expects parameter 2 to be long, string given; /inc/editusers.php:26;
1375778262|2013-08-06 09:37:42|Warning: date() expects parameter 2 to be long, string given; /inc/editusers.php:26;
1375778262|2013-08-06 09:37:42|Warning: date() expects parameter 2 to be long, string given; /inc/editusers.php:26;
1375778262|2013-08-06 09:37:42|Warning: date() expects parameter 2 to be long, string given; /inc/editusers.php:26;
1375778262|2013-08-06 09:37:42|Warning: date() expects parameter 2 to be long, string given; /inc/editusers.php:26;
1375778262|2013-08-06 09:37:42|Warning: date() expects parameter 2 to be long, string given; /inc/editusers.php:26;
1375778262|2013-08-06 09:37:42|Warning: date() expects parameter 2 to be long, string given; /inc/editusers.php:26;
1375779919|2013-08-06 10:05:19|Warning: date() expects parameter 2 to be long, string given; /inc/editusers.php:26;
1375779919|2013-08-06 10:05:19|Warning: date() expects parameter 2 to be long, string given; /inc/editusers.php:26;
1375779919|2013-08-06 10:05:19|Warning: date() expects parameter 2 to be long, string given; /inc/editusers.php:26;
1375779919|2013-08-06 10:05:19|Warning: date() expects parameter 2 to be long, string given; /inc/editusers.php:26;
1375779919|2013-08-06 10:05:19|Warning: date() expects parameter 2 to be long, string given; /inc/editusers.php:26;
1375779919|2013-08-06 10:05:19|Warning: date() expects parameter 2 to be long, string given; /inc/editusers.php:26;
1375779919|2013-08-06 10:05:19|Warning: date() expects parameter 2 to be long, string given; /inc/editusers.php:26;
1375779919|2013-08-06 10:05:19|Warning: date() expects parameter 2 to be long, string given; /inc/editusers.php:26;
1375779919|2013-08-06 10:05:19|Warning: date() expects parameter 2 to be long, string given; /inc/editusers.php:26;
1375780002|2013-08-06 10:06:42|Warning: date() expects parameter 2 to be long, string given; /inc/editusers.php:26;
1375780002|2013-08-06 10:06:42|Warning: date() expects parameter 2 to be long, string given; /inc/editusers.php:26;
1375780002|2013-08-06 10:06:42|Warning: date() expects parameter 2 to be long, string given; /inc/editusers.php:26;
1375780002|2013-08-06 10:06:42|Warning: date() expects parameter 2 to be long, string given; /inc/editusers.php:26;
1375780002|2013-08-06 10:06:42|Warning: date() expects parameter 2 to be long, string given; /inc/editusers.php:26;
1375780002|2013-08-06 10:06:42|Warning: date() expects parameter 2 to be long, string given; /inc/editusers.php:26;
1375780002|2013-08-06 10:06:42|Warning: date() expects parameter 2 to be long, string given; /inc/editusers.php:26;
1375780002|2013-08-06 10:06:42|Warning: date() expects parameter 2 to be long, string given; /inc/editusers.php:26;
1375780002|2013-08-06 10:06:42|Warning: date() expects parameter 2 to be long, string given; /inc/editusers.php:26;
1375795859|2013-08-06 14:30:59|Warning: getimagesize(): Filename cannot be empty; /inc/images.php:41;
1375795859|2013-08-06 14:30:59|Warning: unlink(): No such file or directory; /inc/images.php:71;
1375795860|2013-08-06 14:31:00|Warning: getimagesize(): Filename cannot be empty; /inc/images.php:41;
1375795860|2013-08-06 14:31:00|Warning: unlink(): No such file or directory; /inc/images.php:71;
1375799473|2013-08-06 15:31:13|Warning: trim() expects parameter 1 to be string, array given; /core/core.php:2042;
1375799480|2013-08-06 15:31:20|Warning: trim() expects parameter 1 to be string, array given; /core/core.php:2042;
1375800304|2013-08-06 15:45:04|Warning: trim() expects parameter 1 to be string, array given; /core/core.php:2042;
1375808008|2013-08-06 17:53:28|Warning: func_get_arg():  Argument 3 not passed to function; /core/core.php:2085;
1375808017|2013-08-06 17:53:37|Warning: func_get_arg():  Argument 3 not passed to function; /core/core.php:2085;
1375831303|2013-08-07 00:21:43|Warning: trim() expects parameter 1 to be string, array given; /core/core.php:2042;
1375831346|2013-08-07 00:22:26|Warning: trim() expects parameter 1 to be string, array given; /core/core.php:2042;
1375831419|2013-08-07 00:23:39|Warning: trim() expects parameter 1 to be string, array given; /core/core.php:2042;
1375831490|2013-08-07 00:24:50|Warning: trim() expects parameter 1 to be string, array given; /core/core.php:2042;
1375874531|2013-08-07 12:22:11|Warning: func_get_arg():  Argument 3 not passed to function; /core/core.php:2085;
1375874591|2013-08-07 12:23:11|Warning: func_get_arg():  Argument 3 not passed to function; /core/core.php:2085;
1375876476|2013-08-07 12:54:36|Warning: func_get_arg():  Argument 3 not passed to function; /core/core.php:2085;
1375876486|2013-08-07 12:54:46|Warning: func_get_arg():  Argument 3 not passed to function; /core/core.php:2085;
1375876486|2013-08-07 12:54:46|Warning: func_get_arg():  Argument 3 not passed to function; /core/core.php:2085;
1375876854|2013-08-07 13:00:54|Warning: in_array() expects parameter 2 to be array, string given; /index.php:72;
1375876857|2013-08-07 13:00:57|Warning: in_array() expects parameter 2 to be array, string given; /index.php:72;
1375876858|2013-08-07 13:00:58|Warning: in_array() expects parameter 2 to be array, string given; /index.php:72;
1375876861|2013-08-07 13:01:01|Warning: in_array() expects parameter 2 to be array, string given; /index.php:72;
1375876893|2013-08-07 13:01:33|Warning: in_array() expects parameter 2 to be array, string given; /index.php:72;
1375876895|2013-08-07 13:01:35|Warning: in_array() expects parameter 2 to be array, string given; /index.php:72;
1375876896|2013-08-07 13:01:36|Warning: in_array() expects parameter 2 to be array, string given; /index.php:72;
1375876897|2013-08-07 13:01:37|Warning: in_array() expects parameter 2 to be array, string given; /index.php:72;
1375876899|2013-08-07 13:01:39|Warning: in_array() expects parameter 2 to be array, string given; /index.php:72;
1375876913|2013-08-07 13:01:53|Warning: in_array() expects parameter 2 to be array, string given; /index.php:72;
1375876956|2013-08-07 13:02:36|Warning: in_array() expects parameter 2 to be array, string given; /index.php:72;
1375876956|2013-08-07 13:02:36|Warning: func_get_arg():  Argument 3 not passed to function; /core/core.php:2085;
1375877376|2013-08-07 13:09:36|Warning: in_array() expects parameter 2 to be array, string given; /index.php:72;
1375877463|2013-08-07 13:11:03|Warning: in_array() expects parameter 2 to be array, string given; /index.php:78;
1375877466|2013-08-07 13:11:06|Warning: in_array() expects parameter 2 to be array, string given; /index.php:78;
1375877498|2013-08-07 13:11:38|Warning: in_array() expects parameter 2 to be array, string given; /index.php:78;
1375877531|2013-08-07 13:12:11|Warning: in_array() expects parameter 2 to be array, string given; /index.php:79;
1375877549|2013-08-07 13:12:29|Warning: in_array() expects parameter 2 to be array, string given; /index.php:79;
1375877549|2013-08-07 13:12:29|Warning: func_get_arg():  Argument 3 not passed to function; /core/core.php:2085;
1375877555|2013-08-07 13:12:35|Warning: in_array() expects parameter 2 to be array, string given; /index.php:79;
1375877555|2013-08-07 13:12:35|Warning: func_get_arg():  Argument 3 not passed to function; /core/core.php:2085;
1375877563|2013-08-07 13:12:43|Warning: in_array() expects parameter 2 to be array, string given; /index.php:79;
1375877563|2013-08-07 13:12:43|Warning: func_get_arg():  Argument 3 not passed to function; /core/core.php:2085;
1375877661|2013-08-07 13:14:21|Warning: in_array() expects parameter 2 to be array, string given; /index.php:77;
1375877678|2013-08-07 13:14:38|Warning: in_array() expects parameter 2 to be array, string given; /index.php:77;
1375878131|2013-08-07 13:22:11|Warning: in_array() expects parameter 2 to be array, string given; /index.php:74;
1375878132|2013-08-07 13:22:12|Warning: in_array() expects parameter 2 to be array, string given; /index.php:74;
1375878135|2013-08-07 13:22:15|Warning: in_array() expects parameter 2 to be array, string given; /index.php:74;
1375878171|2013-08-07 13:22:51|Warning: in_array() expects parameter 2 to be array, string given; /index.php:74;
1375878187|2013-08-07 13:23:07|Warning: in_array() expects parameter 2 to be array, string given; /index.php:74;
1375878208|2013-08-07 13:23:28|Warning: in_array() expects parameter 2 to be array, string given; /index.php:75;
1375878211|2013-08-07 13:23:31|Warning: in_array() expects parameter 2 to be array, string given; /index.php:75;
1375878232|2013-08-07 13:23:52|Warning: in_array() expects parameter 2 to be array, string given; /index.php:75;
1375878248|2013-08-07 13:24:08|Warning: date() expects parameter 2 to be long, string given; /inc/editusers.php:26;
1375878248|2013-08-07 13:24:08|Warning: date() expects parameter 2 to be long, string given; /inc/editusers.php:26;
1375878248|2013-08-07 13:24:08|Warning: date() expects parameter 2 to be long, string given; /inc/editusers.php:26;
1375878248|2013-08-07 13:24:08|Warning: date() expects parameter 2 to be long, string given; /inc/editusers.php:26;
1375878248|2013-08-07 13:24:08|Warning: date() expects parameter 2 to be long, string given; /inc/editusers.php:26;
1375878248|2013-08-07 13:24:08|Warning: date() expects parameter 2 to be long, string given; /inc/editusers.php:26;
1375878248|2013-08-07 13:24:08|Warning: date() expects parameter 2 to be long, string given; /inc/editusers.php:26;
1375878248|2013-08-07 13:24:08|Warning: date() expects parameter 2 to be long, string given; /inc/editusers.php:26;
1375878317|2013-08-07 13:25:17|Warning: in_array() expects parameter 2 to be array, string given; /index.php:75;
1375886148|2013-08-07 15:35:48|Warning: date() expects parameter 2 to be long, string given; /inc/editusers.php:26;
1375886148|2013-08-07 15:35:48|Warning: date() expects parameter 2 to be long, string given; /inc/editusers.php:26;
1375886148|2013-08-07 15:35:48|Warning: date() expects parameter 2 to be long, string given; /inc/editusers.php:26;
1375886148|2013-08-07 15:35:48|Warning: date() expects parameter 2 to be long, string given; /inc/editusers.php:26;
1375886148|2013-08-07 15:35:48|Warning: date() expects parameter 2 to be long, string given; /inc/editusers.php:26;
1375886148|2013-08-07 15:35:48|Warning: date() expects parameter 2 to be long, string given; /inc/editusers.php:26;
1375886148|2013-08-07 15:35:48|Warning: date() expects parameter 2 to be long, string given; /inc/editusers.php:26;
1375886148|2013-08-07 15:35:48|Warning: date() expects parameter 2 to be long, string given; /inc/editusers.php:26;
1375886150|2013-08-07 15:35:50|Warning: date() expects parameter 2 to be long, string given; /inc/editusers.php:26;
1375886150|2013-08-07 15:35:50|Warning: date() expects parameter 2 to be long, string given; /inc/editusers.php:26;
1375886150|2013-08-07 15:35:50|Warning: date() expects parameter 2 to be long, string given; /inc/editusers.php:26;
1375886150|2013-08-07 15:35:50|Warning: date() expects parameter 2 to be long, string given; /inc/editusers.php:26;
1375886150|2013-08-07 15:35:50|Warning: date() expects parameter 2 to be long, string given; /inc/editusers.php:26;
1375886150|2013-08-07 15:35:50|Warning: date() expects parameter 2 to be long, string given; /inc/editusers.php:26;
1375886150|2013-08-07 15:35:50|Warning: date() expects parameter 2 to be long, string given; /inc/editusers.php:26;
1375886150|2013-08-07 15:35:50|Warning: date() expects parameter 2 to be long, string given; /inc/editusers.php:26;
1375886280|2013-08-07 15:38:00|Warning: date() expects parameter 2 to be long, string given; /inc/editusers.php:26;
1375886280|2013-08-07 15:38:00|Warning: date() expects parameter 2 to be long, string given; /inc/editusers.php:26;
1375886280|2013-08-07 15:38:00|Warning: date() expects parameter 2 to be long, string given; /inc/editusers.php:26;
1375886280|2013-08-07 15:38:00|Warning: date() expects parameter 2 to be long, string given; /inc/editusers.php:26;
1375886280|2013-08-07 15:38:00|Warning: date() expects parameter 2 to be long, string given; /inc/editusers.php:26;
1375886280|2013-08-07 15:38:00|Warning: date() expects parameter 2 to be long, string given; /inc/editusers.php:26;
1375886280|2013-08-07 15:38:00|Warning: date() expects parameter 2 to be long, string given; /inc/editusers.php:26;
1375886280|2013-08-07 15:38:00|Warning: date() expects parameter 2 to be long, string given; /inc/editusers.php:26;
1375887009|2013-08-07 15:50:09|Warning: trim() expects parameter 1 to be string, array given; /core/core.php:2042;
1376868764|2013-08-19 00:32:44|Warning: date() expects parameter 2 to be long, string given; /inc/editusers.php:26;
1376868764|2013-08-19 00:32:44|Warning: date() expects parameter 2 to be long, string given; /inc/editusers.php:26;
1376868764|2013-08-19 00:32:44|Warning: date() expects parameter 2 to be long, string given; /inc/editusers.php:26;
1376868764|2013-08-19 00:32:44|Warning: date() expects parameter 2 to be long, string given; /inc/editusers.php:26;
1376868764|2013-08-19 00:32:44|Warning: date() expects parameter 2 to be long, string given; /inc/editusers.php:26;
1376868764|2013-08-19 00:32:44|Warning: date() expects parameter 2 to be long, string given; /inc/editusers.php:26;
1376868764|2013-08-19 00:32:44|Warning: date() expects parameter 2 to be long, string given; /inc/editusers.php:26;
1376868764|2013-08-19 00:32:44|Warning: date() expects parameter 2 to be long, string given; /inc/editusers.php:26;
1376869656|2013-08-19 00:47:36|Warning: getimagesize(): Filename cannot be empty; /inc/images.php:41;
1376869656|2013-08-19 00:47:36|Warning: unlink(): No such file or directory; /inc/images.php:71;
1376870279|2013-08-19 00:57:59|Warning: getimagesize(): Filename cannot be empty; /inc/images.php:41;
1376870279|2013-08-19 00:57:59|Warning: unlink(): No such file or directory; /inc/images.php:71;
1376871032|2013-08-19 01:10:32|Warning: trim() expects parameter 1 to be string, array given; /core/core.php:2042;
1376871114|2013-08-19 01:11:54|Warning: trim() expects parameter 1 to be string, array given; /core/core.php:2042;
1376871154|2013-08-19 01:12:34|Warning: trim() expects parameter 1 to be string, array given; /core/core.php:2042;
1376871220|2013-08-19 01:13:40|Warning: trim() expects parameter 1 to be string, array given; /core/core.php:2042;
1379041906|2013-09-13 04:11:46|Warning: trim() expects parameter 1 to be string, array given; /core/core.php:2042;
1379041940|2013-09-13 04:12:20|Warning: trim() expects parameter 1 to be string, array given; /core/core.php:2042;
1379041962|2013-09-13 04:12:42|Warning: trim() expects parameter 1 to be string, array given; /core/core.php:2042;
1379042075|2013-09-13 04:14:35|Warning: trim() expects parameter 1 to be string, array given; /core/core.php:2042;
1379042152|2013-09-13 04:15:52|Warning: trim() expects parameter 1 to be string, array given; /core/core.php:2042;
1379042172|2013-09-13 04:16:12|Warning: trim() expects parameter 1 to be string, array given; /core/core.php:2042;
1379368027|2013-09-16 22:47:07|Warning: trim() expects parameter 1 to be string, array given; /core/core.php:2042;
1379368203|2013-09-16 22:50:03|Warning: trim() expects parameter 1 to be string, array given; /core/core.php:2042;
1379369324|2013-09-16 23:08:44|Warning: trim() expects parameter 1 to be string, array given; /core/core.php:2042;
1379369362|2013-09-16 23:09:22|Warning: trim() expects parameter 1 to be string, array given; /core/core.php:2042;
1379369362|2013-09-16 23:09:22|Warning: join(): Invalid arguments passed; /inc/editnews.php:613;
1379369398|2013-09-16 23:09:58|Warning: trim() expects parameter 1 to be string, array given; /core/core.php:2042;
1379369451|2013-09-16 23:10:51|Warning: trim() expects parameter 1 to be string, array given; /core/core.php:2042;
1379369513|2013-09-16 23:11:53|Warning: trim() expects parameter 1 to be string, array given; /core/core.php:2042;
1379369575|2013-09-16 23:12:55|Warning: trim() expects parameter 1 to be string, array given; /core/core.php:2042;
1379369688|2013-09-16 23:14:48|Warning: getimagesize(): Filename cannot be empty; /inc/images.php:41;
1379369688|2013-09-16 23:14:48|Warning: unlink(): No such file or directory; /inc/images.php:71;
1379370541|2013-09-16 23:29:01|Warning: trim() expects parameter 1 to be string, array given; /core/core.php:2042;
1379370596|2013-09-16 23:29:56|Warning: trim() expects parameter 1 to be string, array given; /core/core.php:2042;
1379388151|2013-09-17 04:22:31|Warning: trim() expects parameter 1 to be string, array given; /core/core.php:2042;
1379388208|2013-09-17 04:23:28|Warning: trim() expects parameter 1 to be string, array given; /core/core.php:2042;
1379442277|2013-09-17 19:24:37|Warning: trim() expects parameter 1 to be string, array given; /core/core.php:2042;
1379886096|2013-09-22 22:41:36|Warning: date() expects parameter 2 to be long, string given; /inc/editusers.php:26;
1379886096|2013-09-22 22:41:36|Warning: date() expects parameter 2 to be long, string given; /inc/editusers.php:26;
1379886096|2013-09-22 22:41:36|Warning: date() expects parameter 2 to be long, string given; /inc/editusers.php:26;
1379886096|2013-09-22 22:41:36|Warning: date() expects parameter 2 to be long, string given; /inc/editusers.php:26;
1379886096|2013-09-22 22:41:36|Warning: date() expects parameter 2 to be long, string given; /inc/editusers.php:26;
1379886112|2013-09-22 22:41:52|Warning: date() expects parameter 2 to be long, string given; /inc/editusers.php:26;
1379886112|2013-09-22 22:41:52|Warning: date() expects parameter 2 to be long, string given; /inc/editusers.php:26;
1379886112|2013-09-22 22:41:52|Warning: date() expects parameter 2 to be long, string given; /inc/editusers.php:26;
1379886112|2013-09-22 22:41:52|Warning: date() expects parameter 2 to be long, string given; /inc/editusers.php:26;
1379886112|2013-09-22 22:41:52|Warning: date() expects parameter 2 to be long, string given; /inc/editusers.php:26;
1380159114|2013-09-26 02:31:54|Warning: func_get_arg():  Argument 3 not passed to function; /core/core.php:2085;
1380418795|2013-09-29 02:39:55|Warning: func_get_arg():  Argument 3 not passed to function; /core/core.php:2085;
1380418816|2013-09-29 02:40:16|Warning: func_get_arg():  Argument 3 not passed to function; /core/core.php:2085;
1380418820|2013-09-29 02:40:20|Warning: func_get_arg():  Argument 3 not passed to function; /core/core.php:2085;
1382201136|2013-10-19 17:45:36|Warning: func_get_arg():  Argument 3 not passed to function; /core/core.php:2085;
1382506548|2013-10-23 06:35:48|Warning: getimagesize(): Filename cannot be empty; /inc/images.php:41;
1382506548|2013-10-23 06:35:48|Warning: unlink(): No such file or directory; /inc/images.php:71;
1382590078|2013-10-24 05:47:58|Warning: trim() expects parameter 1 to be string, array given; /core/core.php:2042;
1382590783|2013-10-24 05:59:43|Warning: func_get_arg():  Argument 3 not passed to function; /core/core.php:2085;
1382590815|2013-10-24 06:00:15|Warning: trim() expects parameter 1 to be string, array given; /core/core.php:2042;
1382590815|2013-10-24 06:00:15|Warning: join(): Invalid arguments passed; /inc/editnews.php:613;
1382590846|2013-10-24 06:00:46|Warning: trim() expects parameter 1 to be string, array given; /core/core.php:2042;
1382590846|2013-10-24 06:00:46|Warning: join(): Invalid arguments passed; /inc/editnews.php:613;
1382590869|2013-10-24 06:01:09|Warning: trim() expects parameter 1 to be string, array given; /core/core.php:2042;
1382590869|2013-10-24 06:01:09|Warning: join(): Invalid arguments passed; /inc/editnews.php:613;
1382591467|2013-10-24 06:11:07|Warning: trim() expects parameter 1 to be string, array given; /core/core.php:2042;
1382591530|2013-10-24 06:12:10|Warning: trim() expects parameter 1 to be string, array given; /core/core.php:2042;
1382591661|2013-10-24 06:14:21|Warning: trim() expects parameter 1 to be string, array given; /core/core.php:2042;
1382591705|2013-10-24 06:15:05|Warning: trim() expects parameter 1 to be string, array given; /core/core.php:2042;
1383331035|2013-11-01 18:37:15|Warning: trim() expects parameter 1 to be string, array given; /core/core.php:2042;
1389813783|2014-01-15 19:23:03|Warning: getimagesize(): Filename cannot be empty; /inc/images.php:41;
1389813783|2014-01-15 19:23:03|Warning: unlink(): No such file or directory; /inc/images.php:71;
1389813798|2014-01-15 19:23:18|Warning: getimagesize(): Filename cannot be empty; /inc/images.php:41;
1389813798|2014-01-15 19:23:18|Warning: unlink(): No such file or directory; /inc/images.php:71;
1391137203|2014-01-31 03:00:03|Warning: trim() expects parameter 1 to be string, array given; /core/core.php:2042;
1391137273|2014-01-31 03:01:13|Warning: trim() expects parameter 1 to be string, array given; /core/core.php:2042;
1391137318|2014-01-31 03:01:58|Warning: trim() expects parameter 1 to be string, array given; /core/core.php:2042;
1391137372|2014-01-31 03:02:52|Warning: trim() expects parameter 1 to be string, array given; /core/core.php:2042;
1391137396|2014-01-31 03:03:16|Warning: trim() expects parameter 1 to be string, array given; /core/core.php:2042;
1391137418|2014-01-31 03:03:38|Warning: trim() expects parameter 1 to be string, array given; /core/core.php:2042;
1391137441|2014-01-31 03:04:01|Warning: trim() expects parameter 1 to be string, array given; /core/core.php:2042;
1391137974|2014-01-31 03:12:54|Warning: trim() expects parameter 1 to be string, array given; /core/core.php:2042;
1391138201|2014-01-31 03:16:41|Warning: trim() expects parameter 1 to be string, array given; /core/core.php:2042;
1391878498|2014-02-08 16:54:58|Warning: getimagesize(): Filename cannot be empty; /inc/images.php:41;
1391878498|2014-02-08 16:54:58|Warning: unlink(): No such file or directory; /inc/images.php:71;
1391878499|2014-02-08 16:54:59|Warning: getimagesize(): Filename cannot be empty; /inc/images.php:41;
1391878499|2014-02-08 16:54:59|Warning: unlink(): No such file or directory; /inc/images.php:71;
1391878500|2014-02-08 16:55:00|Warning: getimagesize(): Filename cannot be empty; /inc/images.php:41;
1391878500|2014-02-08 16:55:00|Warning: unlink(): No such file or directory; /inc/images.php:71;
1391878697|2014-02-08 16:58:17|Warning: getimagesize(): Filename cannot be empty; /inc/images.php:41;
1391878697|2014-02-08 16:58:17|Warning: unlink(): No such file or directory; /inc/images.php:71;
1391878712|2014-02-08 16:58:32|Warning: getimagesize(): Filename cannot be empty; /inc/images.php:41;
1391878712|2014-02-08 16:58:32|Warning: unlink(): No such file or directory; /inc/images.php:71;
1391878731|2014-02-08 16:58:51|Warning: getimagesize(): Filename cannot be empty; /inc/images.php:41;
1391878731|2014-02-08 16:58:51|Warning: unlink(): No such file or directory; /inc/images.php:71;
1391878736|2014-02-08 16:58:56|Warning: getimagesize(): Filename cannot be empty; /inc/images.php:41;
1391878736|2014-02-08 16:58:56|Warning: unlink(): No such file or directory; /inc/images.php:71;
1391878795|2014-02-08 16:59:55|Warning: getimagesize(): Filename cannot be empty; /inc/images.php:41;
1391878795|2014-02-08 16:59:55|Warning: unlink(): No such file or directory; /inc/images.php:71;
1391878828|2014-02-08 17:00:28|Warning: getimagesize(): Filename cannot be empty; /inc/images.php:41;
1391878828|2014-02-08 17:00:28|Warning: unlink(): No such file or directory; /inc/images.php:71;
1391878881|2014-02-08 17:01:21|Warning: getimagesize(): Filename cannot be empty; /inc/images.php:41;
1391878881|2014-02-08 17:01:21|Warning: unlink(): No such file or directory; /inc/images.php:71;
1391880362|2014-02-08 17:26:02|Warning: trim() expects parameter 1 to be string, array given; /core/core.php:2042;
1391880643|2014-02-08 17:30:43|Warning: trim() expects parameter 1 to be string, array given; /core/core.php:2042;
1392230878|2014-02-12 18:47:58|Warning: trim() expects parameter 1 to be string, array given; /core/core.php:2042;
1392230908|2014-02-12 18:48:28|Warning: trim() expects parameter 1 to be string, array given; /core/core.php:2042;
1409651157|2014-09-02 10:45:57|Warning: getimagesize(): Filename cannot be empty; /inc/images.php:41;
1409651157|2014-09-02 10:45:57|Warning: unlink(): No such file or directory; /inc/images.php:71;
1409651203|2014-09-02 10:46:43|Warning: getimagesize(): Filename cannot be empty; /inc/images.php:41;
1409651203|2014-09-02 10:46:43|Warning: unlink(): No such file or directory; /inc/images.php:71;
1409651215|2014-09-02 10:46:55|Warning: getimagesize(): Filename cannot be empty; /inc/images.php:41;
1409651215|2014-09-02 10:46:55|Warning: unlink(): No such file or directory; /inc/images.php:71;
1409651304|2014-09-02 10:48:24|Warning: getimagesize(): Filename cannot be empty; /inc/images.php:41;
1409651304|2014-09-02 10:48:24|Warning: unlink(): No such file or directory; /inc/images.php:71;
1410216231|2014-09-08 23:43:51|Warning: func_get_arg():  Argument 3 not passed to function; /core/core.php:2085;
1410216399|2014-09-08 23:46:39|Warning: getimagesize(): Filename cannot be empty; /inc/images.php:41;
1410216399|2014-09-08 23:46:39|Warning: unlink(): No such file or directory; /inc/images.php:71;
1410217323|2014-09-09 00:02:03|Warning: trim() expects parameter 1 to be string, array given; /core/core.php:2042;
1410217380|2014-09-09 00:03:00|Warning: trim() expects parameter 1 to be string, array given; /core/core.php:2042;
1410224513|2014-09-09 02:01:53|Warning: func_get_arg():  Argument 3 not passed to function; /core/core.php:2085;
1417552610|2014-12-02 20:36:50|Warning: trim() expects parameter 1 to be string, array given; /core/core.php:2042;
1422168322|2015-01-25 06:45:22|Warning: func_get_arg():  Argument 3 not passed to function; /core/core.php:2085;
1422860988|2015-02-02 07:09:48|Warning: func_get_arg():  Argument 3 not passed to function; /core/core.php:2085;
1423111634|2015-02-05 04:47:14|Warning: func_get_arg():  Argument 3 not passed to function; /core/core.php:2085;
1423255031|2015-02-06 20:37:11|Warning: func_get_arg():  Argument 3 not passed to function; /core/core.php:2085;
1424200017|2015-02-17 19:06:57|Warning: func_get_arg():  Argument 3 not passed to function; /core/core.php:2085;
1424610371|2015-02-22 13:06:11|Warning: func_get_arg():  Argument 3 not passed to function; /core/core.php:2085;
1424919315|2015-02-26 02:55:15|Warning: func_get_arg():  Argument 3 not passed to function; /core/core.php:2085;
1425019925|2015-02-27 06:52:05|Warning: func_get_arg():  Argument 3 not passed to function; /core/core.php:2085;
1425125641|2015-02-28 12:14:01|Warning: func_get_arg():  Argument 3 not passed to function; /core/core.php:2085;
1425183519|2015-03-01 04:18:39|Warning: func_get_arg():  Argument 3 not passed to function; /core/core.php:2085;
1425584320|2015-03-05 19:38:40|Warning: date() expects parameter 2 to be long, string given; /inc/editusers.php:26;
1425584320|2015-03-05 19:38:40|Warning: date() expects parameter 2 to be long, string given; /inc/editusers.php:26;
1425584320|2015-03-05 19:38:40|Warning: date() expects parameter 2 to be long, string given; /inc/editusers.php:26;
1425584320|2015-03-05 19:38:40|Warning: date() expects parameter 2 to be long, string given; /inc/editusers.php:26;
1425584364|2015-03-05 19:39:24|Warning: date() expects parameter 2 to be long, string given; /inc/editusers.php:26;
1425584364|2015-03-05 19:39:24|Warning: date() expects parameter 2 to be long, string given; /inc/editusers.php:26;
1425584364|2015-03-05 19:39:24|Warning: date() expects parameter 2 to be long, string given; /inc/editusers.php:26;
1425584364|2015-03-05 19:39:24|Warning: date() expects parameter 2 to be long, string given; /inc/editusers.php:26;
1425584383|2015-03-05 19:39:43|Warning: date() expects parameter 2 to be long, string given; /inc/editusers.php:26;
1425584383|2015-03-05 19:39:43|Warning: date() expects parameter 2 to be long, string given; /inc/editusers.php:26;
1425584383|2015-03-05 19:39:43|Warning: date() expects parameter 2 to be long, string given; /inc/editusers.php:26;
1425584383|2015-03-05 19:39:43|Warning: date() expects parameter 2 to be long, string given; /inc/editusers.php:26;
1426039306|2015-03-11 02:01:46|Warning: getimagesize(): Filename cannot be empty; /inc/images.php:41;
1426039306|2015-03-11 02:01:46|Warning: unlink(): No such file or directory; /inc/images.php:71;
1426039381|2015-03-11 02:03:01|Warning: getimagesize(): Filename cannot be empty; /inc/images.php:41;
1426039381|2015-03-11 02:03:01|Warning: unlink(): No such file or directory; /inc/images.php:71;
1426039381|2015-03-11 02:03:01|Warning: getimagesize(): Filename cannot be empty; /inc/images.php:41;
1426039381|2015-03-11 02:03:01|Warning: unlink(): No such file or directory; /inc/images.php:71;
1426039382|2015-03-11 02:03:02|Warning: getimagesize(): Filename cannot be empty; /inc/images.php:41;
1426039382|2015-03-11 02:03:02|Warning: unlink(): No such file or directory; /inc/images.php:71;
1426039403|2015-03-11 02:03:23|Warning: getimagesize(): Filename cannot be empty; /inc/images.php:41;
1426039403|2015-03-11 02:03:23|Warning: unlink(): No such file or directory; /inc/images.php:71;
1426310163|2015-03-14 05:16:03|Warning: func_get_arg():  Argument 3 not passed to function; /core/core.php:2085;
1426691790|2015-03-18 15:16:30|Warning: getimagesize(): Filename cannot be empty; /inc/images.php:41;
1426691790|2015-03-18 15:16:30|Warning: unlink(): No such file or directory; /inc/images.php:71;
1426691978|2015-03-18 15:19:38|Warning: trim() expects parameter 1 to be string, array given; /core/core.php:2042;
1426730899|2015-03-19 02:08:19|Warning: func_get_arg():  Argument 3 not passed to function; /core/core.php:2085;
1426731032|2015-03-19 02:10:32|Warning: date() expects parameter 2 to be long, string given; /inc/editusers.php:26;
1426731032|2015-03-19 02:10:32|Warning: date() expects parameter 2 to be long, string given; /inc/editusers.php:26;
1426731032|2015-03-19 02:10:32|Warning: date() expects parameter 2 to be long, string given; /inc/editusers.php:26;
1426731032|2015-03-19 02:10:32|Warning: date() expects parameter 2 to be long, string given; /inc/editusers.php:26;
1426731524|2015-03-19 02:18:44|Warning: date() expects parameter 2 to be long, string given; /inc/editusers.php:26;
1426731524|2015-03-19 02:18:44|Warning: date() expects parameter 2 to be long, string given; /inc/editusers.php:26;
1426731524|2015-03-19 02:18:44|Warning: date() expects parameter 2 to be long, string given; /inc/editusers.php:26;
1426731524|2015-03-19 02:18:44|Warning: date() expects parameter 2 to be long, string given; /inc/editusers.php:26;
1426731685|2015-03-19 02:21:25|Warning: date() expects parameter 2 to be long, string given; /inc/editusers.php:26;
1426731685|2015-03-19 02:21:25|Warning: date() expects parameter 2 to be long, string given; /inc/editusers.php:26;
1426731685|2015-03-19 02:21:25|Warning: date() expects parameter 2 to be long, string given; /inc/editusers.php:26;
1426731686|2015-03-19 02:21:26|Warning: date() expects parameter 2 to be long, string given; /inc/editusers.php:26;
1426731686|2015-03-19 02:21:26|Warning: date() expects parameter 2 to be long, string given; /inc/editusers.php:26;
1426731910|2015-03-19 02:25:10|Warning: func_get_arg():  Argument 3 not passed to function; /core/core.php:2085;
1426731920|2015-03-19 02:25:20|Warning: func_get_arg():  Argument 3 not passed to function; /core/core.php:2085;
1426731924|2015-03-19 02:25:24|Warning: date() expects parameter 2 to be long, string given; /inc/editusers.php:26;
1426731924|2015-03-19 02:25:24|Warning: date() expects parameter 2 to be long, string given; /inc/editusers.php:26;
1426731924|2015-03-19 02:25:24|Warning: date() expects parameter 2 to be long, string given; /inc/editusers.php:26;
1426731924|2015-03-19 02:25:24|Warning: date() expects parameter 2 to be long, string given; /inc/editusers.php:26;
1426731924|2015-03-19 02:25:24|Warning: date() expects parameter 2 to be long, string given; /inc/editusers.php:26;
1426731956|2015-03-19 02:25:56|Warning: date() expects parameter 2 to be long, string given; /inc/editusers.php:26;
1426731956|2015-03-19 02:25:56|Warning: date() expects parameter 2 to be long, string given; /inc/editusers.php:26;
1426731956|2015-03-19 02:25:56|Warning: date() expects parameter 2 to be long, string given; /inc/editusers.php:26;
1426731956|2015-03-19 02:25:56|Warning: date() expects parameter 2 to be long, string given; /inc/editusers.php:26;
1426731956|2015-03-19 02:25:56|Warning: date() expects parameter 2 to be long, string given; /inc/editusers.php:26;
1426731961|2015-03-19 02:26:01|Warning: date() expects parameter 2 to be long, string given; /inc/editusers.php:26;
1426731961|2015-03-19 02:26:01|Warning: date() expects parameter 2 to be long, string given; /inc/editusers.php:26;
1426731961|2015-03-19 02:26:01|Warning: date() expects parameter 2 to be long, string given; /inc/editusers.php:26;
1426731961|2015-03-19 02:26:01|Warning: date() expects parameter 2 to be long, string given; /inc/editusers.php:26;
1426731979|2015-03-19 02:26:19|Warning: date() expects parameter 2 to be long, string given; /inc/editusers.php:26;
1426731979|2015-03-19 02:26:19|Warning: date() expects parameter 2 to be long, string given; /inc/editusers.php:26;
1426731979|2015-03-19 02:26:19|Warning: date() expects parameter 2 to be long, string given; /inc/editusers.php:26;
1426731979|2015-03-19 02:26:19|Warning: date() expects parameter 2 to be long, string given; /inc/editusers.php:26;
1426731979|2015-03-19 02:26:19|Warning: date() expects parameter 2 to be long, string given; /inc/editusers.php:26;
1426732284|2015-03-19 02:31:24|Warning: trim() expects parameter 1 to be string, array given; /core/core.php:2042;
1426732284|2015-03-19 02:31:24|Warning: join(): Invalid arguments passed; /inc/editnews.php:613;
1426732610|2015-03-19 02:36:50|Warning: trim() expects parameter 1 to be string, array given; /core/core.php:2042;
1426732610|2015-03-19 02:36:50|Warning: join(): Invalid arguments passed; /inc/editnews.php:613;
1426732670|2015-03-19 02:37:50|Warning: trim() expects parameter 1 to be string, array given; /core/core.php:2042;
1426732670|2015-03-19 02:37:50|Warning: join(): Invalid arguments passed; /inc/editnews.php:613;
1426732751|2015-03-19 02:39:11|Warning: trim() expects parameter 1 to be string, array given; /core/core.php:2042;
1426732751|2015-03-19 02:39:11|Warning: join(): Invalid arguments passed; /inc/editnews.php:613;
1426732782|2015-03-19 02:39:42|Warning: trim() expects parameter 1 to be string, array given; /core/core.php:2042;
1426732839|2015-03-19 02:40:39|Warning: trim() expects parameter 1 to be string, array given; /core/core.php:2042;
1426732839|2015-03-19 02:40:39|Warning: join(): Invalid arguments passed; /inc/editnews.php:613;
1426732848|2015-03-19 02:40:48|Warning: trim() expects parameter 1 to be string, array given; /core/core.php:2042;
1426732874|2015-03-19 02:41:14|Warning: trim() expects parameter 1 to be string, array given; /core/core.php:2042;
1426732977|2015-03-19 02:42:57|Warning: trim() expects parameter 1 to be string, array given; /core/core.php:2042;
1426732977|2015-03-19 02:42:57|Warning: join(): Invalid arguments passed; /inc/editnews.php:613;
1426732984|2015-03-19 02:43:04|Warning: trim() expects parameter 1 to be string, array given; /core/core.php:2042;
1426733084|2015-03-19 02:44:44|Warning: trim() expects parameter 1 to be string, array given; /core/core.php:2042;
1426733164|2015-03-19 02:46:04|Warning: trim() expects parameter 1 to be string, array given; /core/core.php:2042;
1426733198|2015-03-19 02:46:38|Warning: trim() expects parameter 1 to be string, array given; /core/core.php:2042;
1426733245|2015-03-19 02:47:25|Warning: trim() expects parameter 1 to be string, array given; /core/core.php:2042;
1426733312|2015-03-19 02:48:32|Warning: trim() expects parameter 1 to be string, array given; /core/core.php:2042;
1426733347|2015-03-19 02:49:07|Warning: trim() expects parameter 1 to be string, array given; /core/core.php:2042;
1426733454|2015-03-19 02:50:54|Warning: trim() expects parameter 1 to be string, array given; /core/core.php:2042;
1426733724|2015-03-19 02:55:24|Warning: trim() expects parameter 1 to be string, array given; /core/core.php:2042;
1426733795|2015-03-19 02:56:35|Warning: trim() expects parameter 1 to be string, array given; /core/core.php:2042;
1426733829|2015-03-19 02:57:09|Warning: trim() expects parameter 1 to be string, array given; /core/core.php:2042;
1426733829|2015-03-19 02:57:09|Warning: join(): Invalid arguments passed; /inc/editnews.php:613;
1426733849|2015-03-19 02:57:29|Warning: trim() expects parameter 1 to be string, array given; /core/core.php:2042;
1427690681|2015-03-30 05:44:41|Warning: func_get_arg():  Argument 3 not passed to function; /core/core.php:2085;
1430364737|2015-04-30 04:32:17|Warning: func_get_arg():  Argument 3 not passed to function; /core/core.php:2085;
1439136137|2015-08-09 17:02:17|Warning: func_get_arg():  Argument 3 not passed to function; /core/core.php:2085;
1439137556|2015-08-09 17:25:56|DIE_STAT: ; admin is NOT a valid module
1439137961|2015-08-09 17:32:41|DIE_STAT: ; admin is NOT a valid module
1439137989|2015-08-09 17:33:09|DIE_STAT: ; admin is NOT a valid module
1439138752|2015-08-09 17:45:52|Warning: func_get_arg():  Argument 3 not passed to function; /core/core.php:2085;
1439138765|2015-08-09 17:46:05|Warning: func_get_arg():  Argument 3 not passed to function; /core/core.php:2085;
1442448053|2015-09-17 01:00:53|Warning: func_get_arg():  Argument 3 not passed to function; /core/core.php:2085;
1442448056|2015-09-17 01:00:56|Warning: func_get_arg():  Argument 3 not passed to function; /core/core.php:2085;
